{"message":"Route found for /_default/ : controllers\\IndexController/index","context":{"context":"Router","part":"getRouteUrlParts","extra":null},"level":200,"level_name":"INFO","channel":"s5eb4e5bdd6df6","datetime":"2020-05-08T04:53:33.041175+00:00","extra":{}}
{"message":"The controller `controllers\\products` doesn't exists! <br/>","context":{"context":"Startup","part":"runAction","extra":null},"level":300,"level_name":"WARNING","channel":"s5eb4e5bdd6df6","datetime":"2020-05-08T04:53:53.581795+00:00","extra":{}}
{"message":"Route found for /_default/ : controllers\\IndexController/index","context":{"context":"Router","part":"getRouteUrlParts","extra":null},"level":200,"level_name":"INFO","channel":"s5eb4e5bdd6df6","datetime":"2020-05-08T04:54:45.668277+00:00","extra":{}}
{"message":"The controller `controllers\\products` doesn't exists! <br/>","context":{"context":"Startup","part":"runAction","extra":null},"level":300,"level_name":"WARNING","channel":"s5eb4e5bdd6df6","datetime":"2020-05-08T04:56:56.951762+00:00","extra":{}}
{"message":"Route found for /_default/ : controllers\\IndexController/index","context":{"context":"Router","part":"getRouteUrlParts","extra":null},"level":200,"level_name":"INFO","channel":"s5eb4e5bdd6df6","datetime":"2020-05-08T04:59:40.283752+00:00","extra":{}}
{"message":"Route found for /_default/ : controllers\\IndexController/index","context":{"context":"Router","part":"getRouteUrlParts","extra":null},"level":200,"level_name":"INFO","channel":"s5eb4e5bdd6df6","datetime":"2020-05-08T04:59:42.413899+00:00","extra":{}}
{"message":"Route found for /_default/ : controllers\\IndexController/index","context":{"context":"Router","part":"getRouteUrlParts","extra":null},"level":200,"level_name":"INFO","channel":"s5eb4e5bdd6df6","datetime":"2020-05-08T04:59:43.990474+00:00","extra":{}}
{"message":"The controller `controllers\\products` doesn't exists! <br/>","context":{"context":"Startup","part":"runAction","extra":null},"level":300,"level_name":"WARNING","channel":"s5eb4e5bdd6df6","datetime":"2020-05-08T05:00:03.787413+00:00","extra":{}}
{"message":"Route found for /_default/ : controllers\\IndexController/index","context":{"context":"Router","part":"getRouteUrlParts","extra":null},"level":200,"level_name":"INFO","channel":"s5eb4e5bdd6df6","datetime":"2020-05-15T23:12:01.870293+00:00","extra":{}}
{"message":"The controller `controllers\\robots.txt` doesn't exists! <br/>","context":{"context":"Startup","part":"runAction","extra":null},"level":300,"level_name":"WARNING","channel":"s5eb4e5bdd6df6","datetime":"2020-05-15T23:12:02.093162+00:00","extra":{}}
{"message":"The controller `controllers\\index` doesn't exists! <br/>","context":{"context":"Startup","part":"runAction","extra":null},"level":300,"level_name":"WARNING","channel":"s5eb4e5bdd6df6","datetime":"2020-05-15T23:12:25.907860+00:00","extra":{}}
{"message":"Route found for /_default/ : controllers\\IndexController/index","context":{"context":"Router","part":"getRouteUrlParts","extra":null},"level":200,"level_name":"INFO","channel":"s5eb4e5bdd6df6","datetime":"2020-05-15T23:12:28.062257+00:00","extra":{}}
{"message":"Route found for /_default/ : controllers\\IndexController/index","context":{"context":"Router","part":"getRouteUrlParts","extra":null},"level":200,"level_name":"INFO","channel":"s5eb4e5bdd6df6","datetime":"2020-05-16T04:34:16.911574+00:00","extra":{}}
{"message":"Route found for /rest/products/(index/)? : controllers\\RestProductsController/index","context":{"context":"Router","part":"getRouteUrlParts","extra":null},"level":200,"level_name":"INFO","channel":"s5eb4e5bdd6df6","datetime":"2020-05-16T04:34:42.472809+00:00","extra":{}}
{"message":"Route found for /rest/products/get/(.*?) : controllers\\RestProductsController/get","context":{"context":"Router","part":"getRouteUrlParts","extra":null},"level":200,"level_name":"INFO","channel":"s5eb4e5bdd6df6","datetime":"2020-05-16T04:35:31.710706+00:00","extra":{}}
{"message":"Route found for /rest/products/(index/)? : controllers\\RestProductsController/index","context":{"context":"Router","part":"getRouteUrlParts","extra":null},"level":200,"level_name":"INFO","channel":"s5eb4e5bdd6df6","datetime":"2020-05-16T04:35:57.346014+00:00","extra":{}}
{"message":"Route found for /_default/ : controllers\\IndexController/index","context":{"context":"Router","part":"getRouteUrlParts","extra":null},"level":200,"level_name":"INFO","channel":"s5eb4e5bdd6df6","datetime":"2020-05-21T01:46:05.899910+00:00","extra":{}}
{"message":"The controller `controllers\\robots.txt` doesn't exists! <br/>","context":{"context":"Startup","part":"runAction","extra":null},"level":300,"level_name":"WARNING","channel":"s5eb4e5bdd6df6","datetime":"2020-05-21T01:46:07.652552+00:00","extra":{}}
{"message":"Route found for /rest/products/(index/)? : controllers\\RestProductsController/index","context":{"context":"Router","part":"getRouteUrlParts","extra":null},"level":200,"level_name":"INFO","channel":"s5eb4e5bdd6df6","datetime":"2020-05-21T01:46:17.169644+00:00","extra":{}}
{"message":"The controller `controllers\\rest` doesn't exists! <br/>","context":{"context":"Startup","part":"runAction","extra":null},"level":300,"level_name":"WARNING","channel":"s5eb4e5bdd6df6","datetime":"2020-05-21T01:46:35.667679+00:00","extra":{}}
{"message":"Route found for /rest/products/get/(.*?) : controllers\\RestProductsController/get","context":{"context":"Router","part":"getRouteUrlParts","extra":null},"level":200,"level_name":"INFO","channel":"s5eb4e5bdd6df6","datetime":"2020-05-21T01:46:45.684591+00:00","extra":{}}
{"message":"Route found for /rest/products/get/(.*?) : controllers\\RestProductsController/get","context":{"context":"Router","part":"getRouteUrlParts","extra":null},"level":200,"level_name":"INFO","channel":"s5eb4e5bdd6df6","datetime":"2020-05-21T01:47:41.218796+00:00","extra":{}}
